  Test.cpp
d:\documents\visual studio 2017\projects\test\test\test.cpp(59): error C2065: “Vector3”: 未声明的标识符
d:\documents\visual studio 2017\projects\test\test\test.cpp(59): error C2146: 语法错误: 缺少“)”(在标识符“eye”的前面)
d:\documents\visual studio 2017\projects\test\test\test.cpp(60): error C2143: 语法错误: 缺少“;”(在“{”的前面)
d:\documents\visual studio 2017\projects\test\test\test.cpp(60): error C2447: “{”: 缺少函数标题(是否是老式的形式表?)
d:\documents\visual studio 2017\projects\test\test\test.cpp(113): error C3861: “Vector3”: 找不到标识符
d:\documents\visual studio 2017\projects\test\test\test.cpp(113): error C3861: “LookAtMatrix”: 找不到标识符
d:\documents\visual studio 2017\projects\test\test\test.cpp(157): warning C4996: 'fopen': This function or variable may be unsafe. Consider using fopen_s instead. To disable deprecation, use _CRT_SECURE_NO_WARNINGS. See online help for details.
  c:\program files (x86)\windows kits\10\include\10.0.15063.0\ucrt\stdio.h(207): note: 参见“fopen”的声明
